nohup: ignoring input
/home/asc23/lcy/gnn/TCS/layer.py:14: UserWarning: To copy construct from a tensor, it is recommended to use sourceTensor.clone().detach() or sourceTensor.clone().detach().requires_grad_(True), rather than torch.tensor(sourceTensor).
  timestamps_tensors = [torch.tensor(timestamps).float() for timestamps in timestamps_list]
edge_index shape: torch.Size([2, 119670])
edge_attr shape: torch.Size([119670, 1])
successfully read graph
successfully split graph
begin to train
Epoch 1, Loss: 0.2094
Epoch 2, Loss: 0.2243
Epoch 3, Loss: 0.2182
Epoch 4, Loss: 0.0682
Epoch 5, Loss: 0.2182
Epoch 6, Loss: 0.0682
Epoch 7, Loss: 0.0766
Epoch 8, Loss: 0.2243
Epoch 9, Loss: 0.0682
Epoch 10, Loss: 0.0417
Epoch 11, Loss: 0.2182
Epoch 12, Loss: 0.0417
Epoch 13, Loss: 0.2243
Epoch 14, Loss: 0.2334
Epoch 15, Loss: 0.0682
Epoch 16, Loss: 0.0766
Epoch 17, Loss: 0.2182
Epoch 18, Loss: 0.2243
Epoch 19, Loss: 0.0749
Epoch 20, Loss: 0.0682
Epoch 21, Loss: 0.0729
Epoch 22, Loss: 0.1369
Epoch 23, Loss: 0.0417
Epoch 24, Loss: 0.2243
Epoch 25, Loss: 0.0126
Epoch 26, Loss: 0.2334
Epoch 27, Loss: 0.1031
Epoch 28, Loss: 0.0717
Epoch 29, Loss: 0.0729
Epoch 30, Loss: 0.2243
Epoch 31, Loss: 0.1377
Epoch 32, Loss: 0.0766
Epoch 33, Loss: 0.2243
Epoch 34, Loss: 0.1369
Epoch 35, Loss: 0.0682
Epoch 36, Loss: 0.2243
Epoch 37, Loss: 0.0682
Epoch 38, Loss: 0.2182
Epoch 39, Loss: 0.2334
Epoch 40, Loss: 0.2094
Epoch 41, Loss: 0.2243
Epoch 42, Loss: 0.0766
Epoch 43, Loss: 0.2334
Epoch 44, Loss: 0.0682
Epoch 45, Loss: 0.2338
Epoch 46, Loss: 0.2338
Epoch 47, Loss: 0.2171
Epoch 48, Loss: 0.0098
Epoch 49, Loss: 0.0766
社区的时间割 TC(S): 0.0000
社区的时间密度 TD(S): 0.0000
社区节点数: 0, 邻居节点数: 10, 社区节点占比: 0.00%
Epoch 50, Loss: 0.2182
Epoch 1, Loss: 0.0382
Epoch 2, Loss: 0.0215
Epoch 3, Loss: 0.2056
Epoch 4, Loss: 0.2707
Epoch 5, Loss: 0.1200
Epoch 6, Loss: 0.0041
Epoch 7, Loss: 0.0081
Epoch 8, Loss: 0.0608
Epoch 9, Loss: 0.0718
Epoch 10, Loss: 0.2606
Epoch 11, Loss: 0.0839
Epoch 12, Loss: 0.2744
Epoch 13, Loss: 0.1164
Epoch 14, Loss: 0.3431
Epoch 15, Loss: 0.3026
Epoch 16, Loss: 0.4271
Epoch 17, Loss: 0.2875
Epoch 18, Loss: 0.0338
Epoch 19, Loss: 0.3197
Epoch 20, Loss: 0.0540
Epoch 21, Loss: 0.1900
Epoch 22, Loss: 0.3197
Epoch 23, Loss: 0.5070
Epoch 24, Loss: 0.0447
Epoch 25, Loss: 0.1548
Epoch 26, Loss: 0.0790
Epoch 27, Loss: 0.2665
Epoch 28, Loss: 0.0178
Epoch 29, Loss: 0.1411
Epoch 30, Loss: 0.0274
Epoch 31, Loss: 0.2479
Epoch 32, Loss: 0.1596
Epoch 33, Loss: 0.0034
Epoch 34, Loss: 0.1380
Epoch 35, Loss: 0.2620
Epoch 36, Loss: 0.0886
Epoch 37, Loss: 0.1921
Epoch 38, Loss: 0.0869
Epoch 39, Loss: 0.0140
Epoch 40, Loss: 0.2020
Epoch 41, Loss: 0.0371
Epoch 42, Loss: 0.0209
Epoch 43, Loss: 0.0464
Epoch 44, Loss: 0.2270
Epoch 45, Loss: 0.0229
Epoch 46, Loss: 0.0262
Epoch 47, Loss: 0.0256
Epoch 48, Loss: 0.0782
Epoch 49, Loss: 0.1492
社区的时间割 TC(S): 0.7693
社区的时间密度 TD(S): 0.0117
社区节点数: 19, 邻居节点数: 19, 社区节点占比: 4.81%
Epoch 50, Loss: 0.2760
Epoch 1, Loss: 0.0414
Epoch 2, Loss: 0.2278
Epoch 3, Loss: 0.1742
Epoch 4, Loss: 0.0802
Epoch 5, Loss: 0.0336
Epoch 6, Loss: 0.3858
Epoch 7, Loss: 0.1128
Epoch 8, Loss: 0.0258
Epoch 9, Loss: 0.0518
Epoch 10, Loss: 0.1809
Epoch 11, Loss: 0.0325
Epoch 12, Loss: 0.0217
Epoch 13, Loss: 0.0531
Epoch 14, Loss: 0.3866
Epoch 15, Loss: 0.0478
Epoch 16, Loss: 0.3601
Epoch 17, Loss: 0.1184
Epoch 18, Loss: 0.2605
Epoch 19, Loss: 0.3202
Epoch 20, Loss: 0.0539
Epoch 21, Loss: 0.1908
Epoch 22, Loss: 0.2060
Epoch 23, Loss: 0.4710
Epoch 24, Loss: 0.0681
Epoch 25, Loss: 0.1676
Epoch 26, Loss: 0.0064
Epoch 27, Loss: 0.0603
Epoch 28, Loss: 0.2180
Epoch 29, Loss: 0.0306
Epoch 30, Loss: 0.3484
Epoch 31, Loss: 0.3525
Epoch 32, Loss: 0.0238
Epoch 33, Loss: 0.1128
Epoch 34, Loss: 0.1042
Epoch 35, Loss: 0.0924
Epoch 36, Loss: 0.0710
Epoch 37, Loss: 0.0235
Epoch 38, Loss: 0.0362
Epoch 39, Loss: 0.0336
Epoch 40, Loss: 0.3771
Epoch 41, Loss: 0.1896
Epoch 42, Loss: 0.0372
Epoch 43, Loss: 0.0424
Epoch 44, Loss: 0.3098
Epoch 45, Loss: 0.1881
Epoch 46, Loss: 0.5102
Epoch 47, Loss: 0.1238
Epoch 48, Loss: 0.2455
Epoch 49, Loss: 0.0546
社区的时间割 TC(S): 0.6121
社区的时间密度 TD(S): 0.0050
社区节点数: 29, 邻居节点数: 29, 社区节点占比: 4.56%
Epoch 50, Loss: 0.0269
Epoch 1, Loss: 0.0601
Epoch 2, Loss: 0.1573
Epoch 3, Loss: 0.0674
Epoch 4, Loss: 0.0225
Epoch 5, Loss: 0.0519
Epoch 6, Loss: 0.2845
Epoch 7, Loss: 0.0353
Epoch 8, Loss: 0.3356
Epoch 9, Loss: 0.2505
Epoch 10, Loss: 0.1741
Epoch 11, Loss: 0.0763
Epoch 12, Loss: 0.0673
Epoch 13, Loss: 0.1651
Epoch 14, Loss: 0.0531
Epoch 15, Loss: 0.0626
Epoch 16, Loss: 0.0637
Epoch 17, Loss: 0.0624
Epoch 18, Loss: 0.1942
Epoch 19, Loss: 0.1031
Epoch 20, Loss: 0.2549
Epoch 21, Loss: 0.0432
Epoch 22, Loss: 0.0410
Epoch 23, Loss: 0.0314
Epoch 24, Loss: 0.3881
Epoch 25, Loss: 0.0125
Epoch 26, Loss: 0.1070
Epoch 27, Loss: 0.0313
Epoch 28, Loss: 0.0247
Epoch 29, Loss: 0.1740
Epoch 30, Loss: 0.0154
Epoch 31, Loss: 0.0633
Epoch 32, Loss: 0.1731
Epoch 33, Loss: 0.3042
Epoch 34, Loss: 0.0816
Epoch 35, Loss: 0.3890
Epoch 36, Loss: 0.3840
Epoch 37, Loss: 0.3543
Epoch 38, Loss: 0.2645
Epoch 39, Loss: 0.0480
Epoch 40, Loss: 0.4021
Epoch 41, Loss: 0.0866
Epoch 42, Loss: 0.2576
Epoch 43, Loss: 0.1681
Epoch 44, Loss: 0.3608
Epoch 45, Loss: 0.0198
Epoch 46, Loss: 0.1828
Epoch 47, Loss: 0.4291
Epoch 48, Loss: 0.3533
Epoch 49, Loss: 0.0364
社区的时间割 TC(S): 0.8273
社区的时间密度 TD(S): 0.0072
社区节点数: 24, 邻居节点数: 24, 社区节点占比: 3.00%
Epoch 50, Loss: 0.0387
Epoch 1, Loss: 0.1183
Epoch 2, Loss: 0.3195
Epoch 3, Loss: 0.2635
Epoch 4, Loss: 0.1370
Epoch 5, Loss: 0.0593
Epoch 6, Loss: 0.0978
Epoch 7, Loss: 0.0305
Epoch 8, Loss: 0.1265
Epoch 9, Loss: 0.0592
Epoch 10, Loss: 0.0384
Epoch 11, Loss: 0.0878
Epoch 12, Loss: 0.1893
Epoch 13, Loss: 0.0183
Epoch 14, Loss: 0.0433
Epoch 15, Loss: 0.2355
Epoch 16, Loss: 0.0698
Epoch 17, Loss: 0.0672
Epoch 18, Loss: 0.2104
Epoch 19, Loss: 0.0695
Epoch 20, Loss: 0.0344
Epoch 21, Loss: 0.0953
Epoch 22, Loss: 0.0347
Epoch 23, Loss: 0.1481
Epoch 24, Loss: 0.0604
Epoch 25, Loss: 0.3603
Epoch 26, Loss: 0.0630
Epoch 27, Loss: 0.1001
Epoch 28, Loss: 0.0433
Epoch 29, Loss: 0.3382
Epoch 30, Loss: 0.0649
Epoch 31, Loss: 0.0538
Epoch 32, Loss: 0.3369
Epoch 33, Loss: 0.3460
Epoch 34, Loss: 0.0278
Epoch 35, Loss: 0.1435
Epoch 36, Loss: 0.0636
Epoch 37, Loss: 0.2434
Epoch 38, Loss: 0.0397
Epoch 39, Loss: 0.0586
Epoch 40, Loss: 0.1071
Epoch 41, Loss: 0.0355
Epoch 42, Loss: 0.0355
Epoch 43, Loss: 0.0417
Epoch 44, Loss: 0.3523
Epoch 45, Loss: 0.0327
Epoch 46, Loss: 0.1232
Epoch 47, Loss: 0.3337
Epoch 48, Loss: 0.0523
Epoch 49, Loss: 0.0586
社区的时间割 TC(S): 0.7602
社区的时间密度 TD(S): 0.0024
社区节点数: 41, 邻居节点数: 41, 社区节点占比: 5.35%
Epoch 50, Loss: 0.0806
Epoch 1, Loss: 0.1072
Epoch 2, Loss: 0.2265
Epoch 3, Loss: 0.2594
Epoch 4, Loss: 0.0394
Epoch 5, Loss: 0.3502
Epoch 6, Loss: 0.1268
Epoch 7, Loss: 0.0704
Epoch 8, Loss: 0.0250
Epoch 9, Loss: 0.2977
Epoch 10, Loss: 0.3160
Epoch 11, Loss: 0.0556
Epoch 12, Loss: 0.1589
Epoch 13, Loss: 0.0416
Epoch 14, Loss: 0.1637
Epoch 15, Loss: 0.1707
Epoch 16, Loss: 0.0492
Epoch 17, Loss: 0.0619
Epoch 18, Loss: 0.0195
Epoch 19, Loss: 0.0492
Epoch 20, Loss: 0.2571
Epoch 21, Loss: 0.4601
Epoch 22, Loss: 0.0467
Epoch 23, Loss: 0.0163
Epoch 24, Loss: 0.1760
Epoch 25, Loss: 0.1915
Epoch 26, Loss: 0.0935
Epoch 27, Loss: 0.0569
Epoch 28, Loss: 0.0377
Epoch 29, Loss: 0.0345
Epoch 30, Loss: 0.0400
Epoch 31, Loss: 0.0345
Epoch 32, Loss: 0.0789
Epoch 33, Loss: 0.1477
Epoch 34, Loss: 0.0751
Epoch 35, Loss: 0.2252
Epoch 36, Loss: 0.0535
Epoch 37, Loss: 0.0265
Epoch 38, Loss: 0.0868
Epoch 39, Loss: 0.1072
Epoch 40, Loss: 0.4109
Epoch 41, Loss: 0.0255
Epoch 42, Loss: 0.0546
Epoch 43, Loss: 0.3657
Epoch 44, Loss: 0.3829
Epoch 45, Loss: 0.0464
Epoch 46, Loss: 0.3268
Epoch 47, Loss: 0.0206
Epoch 48, Loss: 0.0440
Epoch 49, Loss: 0.0849
社区的时间割 TC(S): 0.7305
社区的时间密度 TD(S): 0.0062
社区节点数: 26, 邻居节点数: 26, 社区节点占比: 2.86%
Epoch 50, Loss: 0.1376
Epoch 1, Loss: 0.0098
Epoch 2, Loss: 0.1261
Epoch 3, Loss: 0.2336
Epoch 4, Loss: 0.1950
Epoch 5, Loss: 0.2587
Epoch 6, Loss: 0.0714
Epoch 7, Loss: 0.1181
Epoch 8, Loss: 0.1347
Epoch 9, Loss: 0.1723
Epoch 10, Loss: 0.5093
Epoch 11, Loss: 0.1579
Epoch 12, Loss: 0.1190
Epoch 13, Loss: 0.0388
Epoch 14, Loss: 0.1187
Epoch 15, Loss: 0.0603
Epoch 16, Loss: 0.0376
Epoch 17, Loss: 0.0513
Epoch 18, Loss: 0.1140
Epoch 19, Loss: 0.2016
Epoch 20, Loss: 0.1235
Epoch 21, Loss: 0.3655
Epoch 22, Loss: 0.0964
Epoch 23, Loss: 0.1188
Epoch 24, Loss: 0.0589
Epoch 25, Loss: 0.1362
Epoch 26, Loss: 0.1390
Epoch 27, Loss: 0.0046
Epoch 28, Loss: 0.1427
Epoch 29, Loss: 0.4180
Epoch 30, Loss: 0.2208
Epoch 31, Loss: 0.1229
Epoch 32, Loss: 0.1332
Epoch 33, Loss: 0.0592
Epoch 34, Loss: 0.1983
Epoch 35, Loss: 0.1939
Epoch 36, Loss: 0.1428
Epoch 37, Loss: 0.2536
Epoch 38, Loss: 0.0367
Epoch 39, Loss: 0.1228
Epoch 40, Loss: 0.2903
Epoch 41, Loss: 0.1884
Epoch 42, Loss: 0.1651
Epoch 43, Loss: 0.1633
Epoch 44, Loss: 0.1495
Epoch 45, Loss: 0.0426
Epoch 46, Loss: 0.3768
Epoch 47, Loss: 0.2309
Epoch 48, Loss: 0.1495
Epoch 49, Loss: 0.1203
社区的时间割 TC(S): 0.7635
社区的时间密度 TD(S): 0.0190
社区节点数: 15, 邻居节点数: 15, 社区节点占比: 1.71%
Epoch 50, Loss: 0.3613
Epoch 1, Loss: 0.2874
Epoch 2, Loss: 0.0678
Epoch 3, Loss: 0.4498
Epoch 4, Loss: 0.0347
Epoch 5, Loss: 0.1424
Epoch 6, Loss: 0.1420
Epoch 7, Loss: 0.0696
Epoch 8, Loss: 0.1203
Epoch 9, Loss: 0.0456
Epoch 10, Loss: 0.0444
Epoch 11, Loss: 0.0701
Epoch 12, Loss: 0.1491
Epoch 13, Loss: 0.0662
Epoch 14, Loss: 0.0779
Epoch 15, Loss: 0.2605
Epoch 16, Loss: 0.0646
Epoch 17, Loss: 0.0758
Epoch 18, Loss: 0.0698
Epoch 19, Loss: 0.1309
Epoch 20, Loss: 0.2118
Epoch 21, Loss: 0.0748
Epoch 22, Loss: 0.0677
Epoch 23, Loss: 0.0817
Epoch 24, Loss: 0.0539
Epoch 25, Loss: 0.1026
Epoch 26, Loss: 0.0819
Epoch 27, Loss: 0.1274
Epoch 28, Loss: 0.2289
Epoch 29, Loss: 0.0357
Epoch 30, Loss: 0.0686
Epoch 31, Loss: 0.1157
Epoch 32, Loss: 0.3636
Epoch 33, Loss: 0.0620
Epoch 34, Loss: 0.2965
Epoch 35, Loss: 0.1047
Epoch 36, Loss: 0.1018
Epoch 37, Loss: 0.0483
Epoch 38, Loss: 0.1171
Epoch 39, Loss: 0.2680
Epoch 40, Loss: 0.0767
Epoch 41, Loss: 0.0896
Epoch 42, Loss: 0.1391
Epoch 43, Loss: 0.2722
Epoch 44, Loss: 0.0386
Epoch 45, Loss: 0.1045
Epoch 46, Loss: 0.0966
Epoch 47, Loss: 0.1282
Epoch 48, Loss: 0.0641
Epoch 49, Loss: 0.1054
社区的时间割 TC(S): 0.7639
社区的时间密度 TD(S): 0.3333
社区节点数: 4, 邻居节点数: 4, 社区节点占比: 0.57%
Epoch 50, Loss: 0.0466
Epoch 1, Loss: 0.1365
Epoch 2, Loss: 0.0897
Epoch 3, Loss: 0.3094
Epoch 4, Loss: 0.0716
Epoch 5, Loss: 0.2585
Epoch 6, Loss: 0.0751
Epoch 7, Loss: 0.0484
Epoch 8, Loss: 0.2778
Epoch 9, Loss: 0.0334
Epoch 10, Loss: 0.2091
Epoch 11, Loss: 0.0822
Epoch 12, Loss: 0.5043
Epoch 13, Loss: 0.0923
Epoch 14, Loss: 0.0989
Epoch 15, Loss: 0.0740
Epoch 16, Loss: 0.3165
Epoch 17, Loss: 0.2568
Epoch 18, Loss: 0.0823
Epoch 19, Loss: 0.1273
Epoch 20, Loss: 0.0554
Epoch 21, Loss: 0.0733
Epoch 22, Loss: 0.0823
Epoch 23, Loss: 0.0777
Epoch 24, Loss: 0.1592
Epoch 25, Loss: 0.0949
Epoch 26, Loss: 0.0898
Epoch 27, Loss: 0.1631
Epoch 28, Loss: 0.0895
Epoch 29, Loss: 0.0937
Epoch 30, Loss: 0.0709
Epoch 31, Loss: 0.0702
Epoch 32, Loss: 0.0121
Epoch 33, Loss: 0.3036
Epoch 34, Loss: 0.0671
Epoch 35, Loss: 0.3797
Epoch 36, Loss: 0.1356
Epoch 37, Loss: 0.0984
Epoch 38, Loss: 0.2643
Epoch 39, Loss: 0.0691
Epoch 40, Loss: 0.0777
Epoch 41, Loss: 0.0727
Epoch 42, Loss: 0.0124
Epoch 43, Loss: 0.1795
Epoch 44, Loss: 0.1047
Epoch 45, Loss: 0.1362
Epoch 46, Loss: 0.2894
Epoch 47, Loss: 0.0124
Epoch 48, Loss: 0.0124
Epoch 49, Loss: 0.3181
社区的时间割 TC(S): 0.8857
社区的时间密度 TD(S): 0.3333
社区节点数: 4, 邻居节点数: 4, 社区节点占比: 0.87%
Epoch 50, Loss: 0.1068
Epoch 1, Loss: 0.0083
Epoch 2, Loss: 0.0119
Epoch 3, Loss: 0.0116
Epoch 4, Loss: 0.0083
Epoch 5, Loss: 0.0139
Epoch 6, Loss: 0.0119
Epoch 7, Loss: 0.0139
Epoch 8, Loss: 0.0108
Epoch 9, Loss: 0.0102
Epoch 10, Loss: 0.0119
Epoch 11, Loss: 0.0119
Epoch 12, Loss: 0.0116
Epoch 13, Loss: 0.0083
Epoch 14, Loss: 0.0102
Epoch 15, Loss: 0.0083
Epoch 16, Loss: 0.0119
Epoch 17, Loss: 0.0083
Epoch 18, Loss: 0.0083
Epoch 19, Loss: 0.0083
Epoch 20, Loss: 0.0119
Epoch 21, Loss: 0.0116
Epoch 22, Loss: 0.0083
Epoch 23, Loss: 0.0118
Epoch 24, Loss: 0.0133
Epoch 25, Loss: 0.0116
Epoch 26, Loss: 0.0139
Epoch 27, Loss: 0.0119
Epoch 28, Loss: 0.0083
Epoch 29, Loss: 0.0116
Epoch 30, Loss: 0.0116
Epoch 31, Loss: 0.0083
Epoch 32, Loss: 0.0102
Epoch 33, Loss: 0.0083
Epoch 34, Loss: 0.0119
Epoch 35, Loss: 0.0083
Epoch 36, Loss: 0.0119
Epoch 37, Loss: 0.0117
Epoch 38, Loss: 0.0102
Epoch 39, Loss: 0.0102
Epoch 40, Loss: 0.0119
Epoch 41, Loss: 0.0116
Epoch 42, Loss: 0.0102
Epoch 43, Loss: 0.0083
Epoch 44, Loss: 0.0083
Epoch 45, Loss: 0.0083
Epoch 46, Loss: 0.0119
Epoch 47, Loss: 0.0100
Epoch 48, Loss: 0.0083
Epoch 49, Loss: 0.0083
社区的时间割 TC(S): 0.0000
社区的时间密度 TD(S): 0.0000
社区节点数: 0, 邻居节点数: 5, 社区节点占比: 0.00%
Epoch 50, Loss: 0.0083
Epoch 1, Loss: 0.0112
Epoch 2, Loss: 0.1481
Epoch 3, Loss: 0.1101
Epoch 4, Loss: 0.0119
Epoch 5, Loss: 0.0027
Epoch 6, Loss: 0.3378
Epoch 7, Loss: 0.3378
Epoch 8, Loss: 0.2271
Epoch 9, Loss: 0.0083
Epoch 10, Loss: 0.3378
Epoch 11, Loss: 0.0110
Epoch 12, Loss: 0.0110
Epoch 13, Loss: 0.2940
Epoch 14, Loss: 0.5113
Epoch 15, Loss: 0.2726
Epoch 16, Loss: 0.0100
Epoch 17, Loss: 0.2477
Epoch 18, Loss: 0.2572
Epoch 19, Loss: 0.2244
Epoch 20, Loss: 0.5113
Epoch 21, Loss: 0.2378
Epoch 22, Loss: 0.0114
Epoch 23, Loss: 0.2581
Epoch 24, Loss: 0.1346
Epoch 25, Loss: 0.3428
Epoch 26, Loss: 0.0110
Epoch 27, Loss: 0.0121
Epoch 28, Loss: 0.2605
Epoch 29, Loss: 0.0087
Epoch 30, Loss: 0.2153
Epoch 31, Loss: 0.5084
Epoch 32, Loss: 0.2580
Epoch 33, Loss: 0.2271
Epoch 34, Loss: 0.0087
Epoch 35, Loss: 0.0488
Epoch 36, Loss: 0.2244
Epoch 37, Loss: 0.0087
Epoch 38, Loss: 0.3820
Epoch 39, Loss: 0.3378
Epoch 40, Loss: 0.2368
Epoch 41, Loss: 0.2624
Epoch 42, Loss: 0.3247
Epoch 43, Loss: 0.2271
Epoch 44, Loss: 0.0032
Epoch 45, Loss: 0.2752
Epoch 46, Loss: 0.0100
Epoch 47, Loss: 0.0064
Epoch 48, Loss: 0.0114
Epoch 49, Loss: 0.1761
社区的时间割 TC(S): 0.9400
社区的时间密度 TD(S): 2.0000
社区节点数: 2, 邻居节点数: 2, 社区节点占比: 0.68%
Epoch 50, Loss: 0.5075
Epoch 1, Loss: 0.3248
Epoch 2, Loss: 0.1321
Epoch 3, Loss: 0.1471
Epoch 4, Loss: 0.5081
Epoch 5, Loss: 0.1471
Epoch 6, Loss: 0.0689
Epoch 7, Loss: 0.0745
Epoch 8, Loss: 0.0389
Epoch 9, Loss: 0.2891
Epoch 10, Loss: 0.2171
Epoch 11, Loss: 0.5104
Epoch 12, Loss: 0.1132
Epoch 13, Loss: 0.2593
Epoch 14, Loss: 0.2545
Epoch 15, Loss: 0.2000
Epoch 16, Loss: 0.1324
Epoch 17, Loss: 0.1534
Epoch 18, Loss: 0.0076
Epoch 19, Loss: 0.2171
Epoch 20, Loss: 0.2171
Epoch 21, Loss: 0.2617
Epoch 22, Loss: 0.1322
Epoch 23, Loss: 0.1349
Epoch 24, Loss: 0.2099
Epoch 25, Loss: 0.4405
Epoch 26, Loss: 0.2000
Epoch 27, Loss: 0.0109
Epoch 28, Loss: 0.1022
Epoch 29, Loss: 0.0089
Epoch 30, Loss: 0.1320
Epoch 31, Loss: 0.2625
Epoch 32, Loss: 0.2219
Epoch 33, Loss: 0.0840
Epoch 34, Loss: 0.0099
Epoch 35, Loss: 0.2243
Epoch 36, Loss: 0.2000
Epoch 37, Loss: 0.1471
Epoch 38, Loss: 0.1354
Epoch 39, Loss: 0.3208
Epoch 40, Loss: 0.1312
Epoch 41, Loss: 0.1117
Epoch 42, Loss: 0.2591
Epoch 43, Loss: 0.5098
Epoch 44, Loss: 0.3207
Epoch 45, Loss: 0.0906
Epoch 46, Loss: 0.1471
Epoch 47, Loss: 0.0860
Epoch 48, Loss: 0.2099
Epoch 49, Loss: 0.1907
社区的时间割 TC(S): 0.0000
社区的时间密度 TD(S): 0.0000
社区节点数: 0, 邻居节点数: 198, 社区节点占比: 0.00%
Epoch 50, Loss: 0.1471
Epoch 1, Loss: 0.5089
Epoch 2, Loss: 0.5109
Epoch 3, Loss: 0.5069
Epoch 4, Loss: 0.1713
Epoch 5, Loss: 0.3480
Epoch 6, Loss: 0.2647
Epoch 7, Loss: 0.2607
Epoch 8, Loss: 0.3009
Epoch 9, Loss: 0.3002
Epoch 10, Loss: 0.2519
Epoch 11, Loss: 0.3829
Epoch 12, Loss: 0.2068
Epoch 13, Loss: 0.2068
Epoch 14, Loss: 0.0599
Epoch 15, Loss: 0.3480
Epoch 16, Loss: 0.0905
Epoch 17, Loss: 0.4276
Epoch 18, Loss: 0.3383
Epoch 19, Loss: 0.0072
Epoch 20, Loss: 0.1412
Epoch 21, Loss: 0.3063
Epoch 22, Loss: 0.4236
Epoch 23, Loss: 0.1412
Epoch 24, Loss: 0.3220
Epoch 25, Loss: 0.0903
Epoch 26, Loss: 0.5112
Epoch 27, Loss: 0.2567
Epoch 28, Loss: 0.1368
Epoch 29, Loss: 0.5064
Epoch 30, Loss: 0.0072
Epoch 31, Loss: 0.0599
Epoch 32, Loss: 0.2519
Epoch 33, Loss: 0.5052
Epoch 34, Loss: 0.0091
Epoch 35, Loss: 0.5090
Epoch 36, Loss: 0.5071
Epoch 37, Loss: 0.1412
Epoch 38, Loss: 0.3429
Epoch 39, Loss: 0.5095
Epoch 40, Loss: 0.0060
Epoch 41, Loss: 0.0072
Epoch 42, Loss: 0.1451
Epoch 43, Loss: 0.5102
Epoch 44, Loss: 0.1548
Epoch 45, Loss: 0.2593
Epoch 46, Loss: 0.0599
Epoch 47, Loss: 0.0091
Epoch 48, Loss: 0.4443
Epoch 49, Loss: 0.2519
社区的时间割 TC(S): 0.6855
社区的时间密度 TD(S): 0.0444
社区节点数: 10, 邻居节点数: 10, 社区节点占比: 3.19%
Epoch 50, Loss: 0.4046
Epoch 1, Loss: 0.0115
Epoch 2, Loss: 0.0127
Epoch 3, Loss: 0.2864
Epoch 4, Loss: 0.5070
Epoch 5, Loss: 0.0114
Epoch 6, Loss: 0.2599
Epoch 7, Loss: 0.2318
Epoch 8, Loss: 0.0114
Epoch 9, Loss: 0.1957
Epoch 10, Loss: 0.2314
Epoch 11, Loss: 0.0114
Epoch 12, Loss: 0.0099
Epoch 13, Loss: 0.2079
Epoch 14, Loss: 0.0128
Epoch 15, Loss: 0.0115
Epoch 16, Loss: 0.2583
Epoch 17, Loss: 0.0114
Epoch 18, Loss: 0.2507
Epoch 19, Loss: 0.2864
Epoch 20, Loss: 0.2318
Epoch 21, Loss: 0.0114
Epoch 22, Loss: 0.5077
Epoch 23, Loss: 0.2622
Epoch 24, Loss: 0.0053
Epoch 25, Loss: 0.5083
Epoch 26, Loss: 0.0060
Epoch 27, Loss: 0.2314
Epoch 28, Loss: 0.0114
Epoch 29, Loss: 0.2134
Epoch 30, Loss: 0.2585
Epoch 31, Loss: 0.0120
Epoch 32, Loss: 0.2314
Epoch 33, Loss: 0.2507
Epoch 34, Loss: 0.2350
Epoch 35, Loss: 0.0092
Epoch 36, Loss: 0.0114
Epoch 37, Loss: 0.0114
Epoch 38, Loss: 0.2079
Epoch 39, Loss: 0.0074
Epoch 40, Loss: 0.0082
Epoch 41, Loss: 0.5093
Epoch 42, Loss: 0.0106
Epoch 43, Loss: 0.2583
Epoch 44, Loss: 0.1957
Epoch 45, Loss: 0.0114
Epoch 46, Loss: 0.2578
Epoch 47, Loss: 0.0106
Epoch 48, Loss: 0.2350
Epoch 49, Loss: 0.0114
社区的时间割 TC(S): 0.6842
社区的时间密度 TD(S): 2.0000
社区节点数: 2, 邻居节点数: 2, 社区节点占比: 1.04%
Epoch 50, Loss: 0.2585
Epoch 1, Loss: 0.0117
Epoch 2, Loss: 0.2584
Epoch 3, Loss: 0.0122
Epoch 4, Loss: 0.2291
Epoch 5, Loss: 0.5072
Epoch 6, Loss: 0.2217
Epoch 7, Loss: 0.2695
Epoch 8, Loss: 0.1296
Epoch 9, Loss: 0.2784
Epoch 10, Loss: 0.2058
Epoch 11, Loss: 0.2784
Epoch 12, Loss: 0.0041
Epoch 13, Loss: 0.5072
Epoch 14, Loss: 0.1337
Epoch 15, Loss: 0.5064
Epoch 16, Loss: 0.5072
Epoch 17, Loss: 0.5084
Epoch 18, Loss: 0.2576
Epoch 19, Loss: 0.3408
Epoch 20, Loss: 0.0117
Epoch 21, Loss: 0.2217
Epoch 22, Loss: 0.2003
Epoch 23, Loss: 0.2168
Epoch 24, Loss: 0.0108
Epoch 25, Loss: 0.2784
Epoch 26, Loss: 0.2704
Epoch 27, Loss: 0.4207
Epoch 28, Loss: 0.2080
Epoch 29, Loss: 0.0056
Epoch 30, Loss: 0.0119
Epoch 31, Loss: 0.0119
Epoch 32, Loss: 0.0048
Epoch 33, Loss: 0.2217
Epoch 34, Loss: 0.0048
Epoch 35, Loss: 0.0056
Epoch 36, Loss: 0.2605
Epoch 37, Loss: 0.0117
Epoch 38, Loss: 0.0112
Epoch 39, Loss: 0.1359
Epoch 40, Loss: 0.2217
Epoch 41, Loss: 0.5088
Epoch 42, Loss: 0.2257
Epoch 43, Loss: 0.3408
Epoch 44, Loss: 0.0080
Epoch 45, Loss: 0.5080
Epoch 46, Loss: 0.0119
Epoch 47, Loss: 0.2603
Epoch 48, Loss: 0.2784
Epoch 49, Loss: 0.2610
社区的时间割 TC(S): 0.0000
社区的时间密度 TD(S): 0.0000
社区节点数: 0, 邻居节点数: 29, 社区节点占比: 0.00%
Epoch 50, Loss: 0.2080
Epoch 1, Loss: 0.3459
Epoch 2, Loss: 0.0073
Epoch 3, Loss: 0.0064
Epoch 4, Loss: 0.0074
Epoch 5, Loss: 0.0661
Epoch 6, Loss: 0.5044
Epoch 7, Loss: 0.0105
Epoch 8, Loss: 0.0661
Epoch 9, Loss: 0.2186
Epoch 10, Loss: 0.0105
Epoch 11, Loss: 0.0103
Epoch 12, Loss: 0.2591
Epoch 13, Loss: 0.5044
Epoch 14, Loss: 0.2633
Epoch 15, Loss: 0.5103
Epoch 16, Loss: 0.2024
Epoch 17, Loss: 0.3796
Epoch 18, Loss: 0.0076
Epoch 19, Loss: 0.5056
Epoch 20, Loss: 0.2608
Epoch 21, Loss: 0.0099
Epoch 22, Loss: 0.0124
Epoch 23, Loss: 0.0661
Epoch 24, Loss: 0.0076
Epoch 25, Loss: 0.2186
Epoch 26, Loss: 0.0121
Epoch 27, Loss: 0.5042
Epoch 28, Loss: 0.2591
Epoch 29, Loss: 0.4327
Epoch 30, Loss: 0.0065
Epoch 31, Loss: 0.0076
Epoch 32, Loss: 0.2591
Epoch 33, Loss: 0.2633
Epoch 34, Loss: 0.4131
Epoch 35, Loss: 0.1535
Epoch 36, Loss: 0.0070
Epoch 37, Loss: 0.3796
Epoch 38, Loss: 0.3459
Epoch 39, Loss: 0.0102
Epoch 40, Loss: 0.0105
Epoch 41, Loss: 0.0109
Epoch 42, Loss: 0.2186
Epoch 43, Loss: 0.1596
Epoch 44, Loss: 0.2633
Epoch 45, Loss: 0.2024
Epoch 46, Loss: 0.0121
Epoch 47, Loss: 0.4216
Epoch 48, Loss: 0.5082
Epoch 49, Loss: 0.1535
社区的时间割 TC(S): 0.0000
社区的时间密度 TD(S): 0.0000
社区节点数: 0, 邻居节点数: 21, 社区节点占比: 0.00%
Epoch 50, Loss: 0.2633
Epoch 1, Loss: 0.0096
Epoch 2, Loss: 0.0120
Epoch 3, Loss: 0.2069
Epoch 4, Loss: 0.3015
Epoch 5, Loss: 0.4241
Epoch 6, Loss: 0.5033
Epoch 7, Loss: 0.3805
Epoch 8, Loss: 0.1917
Epoch 9, Loss: 0.3085
Epoch 10, Loss: 0.3085
Epoch 11, Loss: 0.2919
Epoch 12, Loss: 0.1917
Epoch 13, Loss: 0.0120
Epoch 14, Loss: 0.5076
Epoch 15, Loss: 0.0120
Epoch 16, Loss: 0.0096
Epoch 17, Loss: 0.0115
Epoch 18, Loss: 0.2589
Epoch 19, Loss: 0.0110
Epoch 20, Loss: 0.0118
Epoch 21, Loss: 0.2307
Epoch 22, Loss: 0.0600
Epoch 23, Loss: 0.0115
Epoch 24, Loss: 0.0600
Epoch 25, Loss: 0.2307
Epoch 26, Loss: 0.3085
Epoch 27, Loss: 0.0120
Epoch 28, Loss: 0.0103
Epoch 29, Loss: 0.0118
Epoch 30, Loss: 0.3015
Epoch 31, Loss: 0.0600
Epoch 32, Loss: 0.2307
Epoch 33, Loss: 0.0115
Epoch 34, Loss: 0.0076
Epoch 35, Loss: 0.3085
Epoch 36, Loss: 0.4241
Epoch 37, Loss: 0.1892
Epoch 38, Loss: 0.2919
Epoch 39, Loss: 0.0096
Epoch 40, Loss: 0.3085
Epoch 41, Loss: 0.0120
Epoch 42, Loss: 0.2307
Epoch 43, Loss: 0.2362
Epoch 44, Loss: 0.0115
Epoch 45, Loss: 0.0115
Epoch 46, Loss: 0.4241
Epoch 47, Loss: 0.0115
Epoch 48, Loss: 0.0120
Epoch 49, Loss: 0.2588
社区的时间割 TC(S): 0.0000
社区的时间密度 TD(S): 0.0000
社区节点数: 0, 邻居节点数: 2, 社区节点占比: 0.00%
Epoch 50, Loss: 0.0115
Epoch 1, Loss: 0.2334
Epoch 2, Loss: 0.0046
Epoch 3, Loss: 0.0051
Epoch 4, Loss: 0.2534
Epoch 5, Loss: 0.0568
Epoch 6, Loss: 0.3605
Epoch 7, Loss: 0.5085
Epoch 8, Loss: 0.0062
Epoch 9, Loss: 0.0123
Epoch 10, Loss: 0.2673
Epoch 11, Loss: 0.2534
Epoch 12, Loss: 0.3605
Epoch 13, Loss: 0.1759
Epoch 14, Loss: 0.3213
Epoch 15, Loss: 0.0122
Epoch 16, Loss: 0.5074
Epoch 17, Loss: 0.0062
Epoch 18, Loss: 0.5121
Epoch 19, Loss: 0.3213
Epoch 20, Loss: 0.2572
Epoch 21, Loss: 0.3342
Epoch 22, Loss: 0.0041
Epoch 23, Loss: 0.3379
Epoch 24, Loss: 0.3415
Epoch 25, Loss: 0.1718
Epoch 26, Loss: 0.5128
Epoch 27, Loss: 0.4480
Epoch 28, Loss: 0.2534
Epoch 29, Loss: 0.3605
Epoch 30, Loss: 0.0101
Epoch 31, Loss: 0.0046
Epoch 32, Loss: 0.0061
Epoch 33, Loss: 0.3213
Epoch 34, Loss: 0.3049
Epoch 35, Loss: 0.1732
Epoch 36, Loss: 0.2748
Epoch 37, Loss: 0.3213
Epoch 38, Loss: 0.2625
Epoch 39, Loss: 0.0100
Epoch 40, Loss: 0.0568
Epoch 41, Loss: 0.3698
Epoch 42, Loss: 0.3818
Epoch 43, Loss: 0.3818
Epoch 44, Loss: 0.2541
Epoch 45, Loss: 0.3605
Epoch 46, Loss: 0.3818
Epoch 47, Loss: 0.3379
Epoch 48, Loss: 0.0123
Epoch 49, Loss: 0.5063
社区的时间割 TC(S): 0.0000
社区的时间密度 TD(S): 0.0000
社区节点数: 0, 邻居节点数: 13, 社区节点占比: 0.00%
Epoch 50, Loss: 0.2334
Epoch 1, Loss: 0.0477
Epoch 2, Loss: 0.0695
Epoch 3, Loss: 0.0127
Epoch 4, Loss: 0.1377
Epoch 5, Loss: 0.0255
Epoch 6, Loss: 0.1498
Epoch 7, Loss: 0.0726
Epoch 8, Loss: 0.0121
Epoch 9, Loss: 0.0717
Epoch 10, Loss: 0.3802
Epoch 11, Loss: 0.3160
Epoch 12, Loss: 0.0128
Epoch 13, Loss: 0.1352
Epoch 14, Loss: 0.0477
Epoch 15, Loss: 0.0255
Epoch 16, Loss: 0.0279
Epoch 17, Loss: 0.1498
Epoch 18, Loss: 0.0097
Epoch 19, Loss: 0.0128
Epoch 20, Loss: 0.0528
Epoch 21, Loss: 0.1304
Epoch 22, Loss: 0.1310
Epoch 23, Loss: 0.1432
Epoch 24, Loss: 0.0128
Epoch 25, Loss: 0.1304
Epoch 26, Loss: 0.1551
Epoch 27, Loss: 0.0055
Epoch 28, Loss: 0.0752
Epoch 29, Loss: 0.1284
Epoch 30, Loss: 0.0373
Epoch 31, Loss: 0.0733
Epoch 32, Loss: 0.0707
Epoch 33, Loss: 0.3776
Epoch 34, Loss: 0.0121
Epoch 35, Loss: 0.0602
Epoch 36, Loss: 0.1304
Epoch 37, Loss: 0.0255
Epoch 38, Loss: 0.3160
Epoch 39, Loss: 0.0128
Epoch 40, Loss: 0.3216
Epoch 41, Loss: 0.0255
Epoch 42, Loss: 0.1284
Epoch 43, Loss: 0.1321
Epoch 44, Loss: 0.0128
Epoch 45, Loss: 0.1558
Epoch 46, Loss: 0.1345
Epoch 47, Loss: 0.2038
Epoch 48, Loss: 0.0508
Epoch 49, Loss: 0.1498
社区的时间割 TC(S): 0.0000
社区的时间密度 TD(S): 0.0000
社区节点数: 0, 邻居节点数: 15, 社区节点占比: 0.00%
Epoch 50, Loss: 0.1348
Epoch 1, Loss: 0.1723
Epoch 2, Loss: 0.1736
Epoch 3, Loss: 0.0116
Epoch 4, Loss: 0.0948
Epoch 5, Loss: 0.1613
Epoch 6, Loss: 0.5024
Epoch 7, Loss: 0.0118
Epoch 8, Loss: 0.2563
Epoch 9, Loss: 0.0079
Epoch 10, Loss: 0.1613
Epoch 11, Loss: 0.2849
Epoch 12, Loss: 0.0131
Epoch 13, Loss: 0.5112
Epoch 14, Loss: 0.0121
Epoch 15, Loss: 0.2577
Epoch 16, Loss: 0.2017
Epoch 17, Loss: 0.5094
Epoch 18, Loss: 0.1798
Epoch 19, Loss: 0.5119
Epoch 20, Loss: 0.0121
Epoch 21, Loss: 0.0948
Epoch 22, Loss: 0.0079
Epoch 23, Loss: 0.0948
Epoch 24, Loss: 0.3775
Epoch 25, Loss: 0.0078
Epoch 26, Loss: 0.5020
Epoch 27, Loss: 0.3780
Epoch 28, Loss: 0.5123
Epoch 29, Loss: 0.2591
Epoch 30, Loss: 0.3064
Epoch 31, Loss: 0.3064
Epoch 32, Loss: 0.3024
Epoch 33, Loss: 0.2591
Epoch 34, Loss: 0.2453
Epoch 35, Loss: 0.1613
Epoch 36, Loss: 0.0121
Epoch 37, Loss: 0.0948
Epoch 38, Loss: 0.1736
Epoch 39, Loss: 0.0948
Epoch 40, Loss: 0.0079
Epoch 41, Loss: 0.5070
Epoch 42, Loss: 0.0079
Epoch 43, Loss: 0.3775
Epoch 44, Loss: 0.0948
Epoch 45, Loss: 0.1613
Epoch 46, Loss: 0.0948
Epoch 47, Loss: 0.2575
Epoch 48, Loss: 0.0072
Epoch 49, Loss: 0.3775
社区的时间割 TC(S): 0.0000
社区的时间密度 TD(S): 0.0000
社区节点数: 0, 邻居节点数: 70, 社区节点占比: 0.00%
Epoch 50, Loss: 0.0948
Epoch 1, Loss: 0.0066
Epoch 2, Loss: 0.5115
Epoch 3, Loss: 0.0113
Epoch 4, Loss: 0.0066
Epoch 5, Loss: 0.5099
Epoch 6, Loss: 0.3680
Epoch 7, Loss: 0.2446
Epoch 8, Loss: 0.0110
Epoch 9, Loss: 0.0110
Epoch 10, Loss: 0.0122
Epoch 11, Loss: 0.0121
Epoch 12, Loss: 0.0110
Epoch 13, Loss: 0.0122
Epoch 14, Loss: 0.2940
Epoch 15, Loss: 0.0122
Epoch 16, Loss: 0.3680
Epoch 17, Loss: 0.0122
Epoch 18, Loss: 0.2940
Epoch 19, Loss: 0.3680
Epoch 20, Loss: 0.3680
Epoch 21, Loss: 0.2293
Epoch 22, Loss: 0.3680
Epoch 23, Loss: 0.2606
Epoch 24, Loss: 0.2293
Epoch 25, Loss: 0.0103
Epoch 26, Loss: 0.5057
Epoch 27, Loss: 0.0117
Epoch 28, Loss: 0.0110
Epoch 29, Loss: 0.5110
Epoch 30, Loss: 0.0113
Epoch 31, Loss: 0.3680
Epoch 32, Loss: 0.0110
Epoch 33, Loss: 0.5072
Epoch 34, Loss: 0.0110
Epoch 35, Loss: 0.2293
Epoch 36, Loss: 0.0110
Epoch 37, Loss: 0.0110
Epoch 38, Loss: 0.3680
Epoch 39, Loss: 0.0113
Epoch 40, Loss: 0.3109
Epoch 41, Loss: 0.1063
Epoch 42, Loss: 0.0113
Epoch 43, Loss: 0.0117
Epoch 44, Loss: 0.3680
Epoch 45, Loss: 0.2940
Epoch 46, Loss: 0.5071
Epoch 47, Loss: 0.3109
Epoch 48, Loss: 0.0110
Epoch 49, Loss: 0.1063
社区的时间割 TC(S): 0.5278
社区的时间密度 TD(S): 2.0000
社区节点数: 2, 邻居节点数: 2, 社区节点占比: 1.34%
Epoch 50, Loss: 0.5040
Epoch 1, Loss: 0.4254
Epoch 2, Loss: 0.0124
Epoch 3, Loss: 0.2176
Epoch 4, Loss: 0.0069
Epoch 5, Loss: 0.1739
Epoch 6, Loss: 0.2145
Epoch 7, Loss: 0.2884
Epoch 8, Loss: 0.4254
Epoch 9, Loss: 0.2724
Epoch 10, Loss: 0.0110
Epoch 11, Loss: 0.2145
Epoch 12, Loss: 0.1699
Epoch 13, Loss: 0.3344
Epoch 14, Loss: 0.0114
Epoch 15, Loss: 0.2884
Epoch 16, Loss: 0.2256
Epoch 17, Loss: 0.2185
Epoch 18, Loss: 0.5125
Epoch 19, Loss: 0.2256
Epoch 20, Loss: 0.2305
Epoch 21, Loss: 0.2626
Epoch 22, Loss: 0.2608
Epoch 23, Loss: 0.4254
Epoch 24, Loss: 0.1598
Epoch 25, Loss: 0.0074
Epoch 26, Loss: 0.0099
Epoch 27, Loss: 0.4254
Epoch 28, Loss: 0.0018
Epoch 29, Loss: 0.1598
Epoch 30, Loss: 0.2202
Epoch 31, Loss: 0.2305
Epoch 32, Loss: 0.0081
Epoch 33, Loss: 0.4254
Epoch 34, Loss: 0.2121
Epoch 35, Loss: 0.3344
Epoch 36, Loss: 0.2884
Epoch 37, Loss: 0.2202
Epoch 38, Loss: 0.0063
Epoch 39, Loss: 0.2352
Epoch 40, Loss: 0.4254
Epoch 41, Loss: 0.2527
Epoch 42, Loss: 0.2352
Epoch 43, Loss: 0.2352
Epoch 44, Loss: 0.0914
Epoch 45, Loss: 0.2176
Epoch 46, Loss: 0.1708
Epoch 47, Loss: 0.4254
Epoch 48, Loss: 0.2624
Epoch 49, Loss: 0.2724
社区的时间割 TC(S): 0.0000
社区的时间密度 TD(S): 0.0000
社区节点数: 0, 邻居节点数: 40, 社区节点占比: 0.00%
Epoch 50, Loss: 0.2256
Epoch 1, Loss: 0.0695
Epoch 2, Loss: 0.2079
Epoch 3, Loss: 0.0695
Epoch 4, Loss: 0.1669
Epoch 5, Loss: 0.1669
Epoch 6, Loss: 0.1105
Epoch 7, Loss: 0.0049
Epoch 8, Loss: 0.1927
Epoch 9, Loss: 0.0780
Epoch 10, Loss: 0.0036
Epoch 11, Loss: 0.1903
Epoch 12, Loss: 0.2079
Epoch 13, Loss: 0.5123
Epoch 14, Loss: 0.2579
Epoch 15, Loss: 0.5056
Epoch 16, Loss: 0.0695
Epoch 17, Loss: 0.1927
Epoch 18, Loss: 0.1786
Epoch 19, Loss: 0.1669
Epoch 20, Loss: 0.2079
Epoch 21, Loss: 0.0695
Epoch 22, Loss: 0.2602
Epoch 23, Loss: 0.1927
Epoch 24, Loss: 0.1669
Epoch 25, Loss: 0.2611
Epoch 26, Loss: 0.0120
Epoch 27, Loss: 0.0102
Epoch 28, Loss: 0.5103
Epoch 29, Loss: 0.0695
Epoch 30, Loss: 0.2577
Epoch 31, Loss: 0.0049
Epoch 32, Loss: 0.5110
Epoch 33, Loss: 0.5100
Epoch 34, Loss: 0.2540
Epoch 35, Loss: 0.0695
Epoch 36, Loss: 0.0695
Epoch 37, Loss: 0.0092
Epoch 38, Loss: 0.5089
Epoch 39, Loss: 0.0095
Epoch 40, Loss: 0.0122
Epoch 41, Loss: 0.0780
Epoch 42, Loss: 0.0126
Epoch 43, Loss: 0.5094
Epoch 44, Loss: 0.1669
Epoch 45, Loss: 0.2079
Epoch 46, Loss: 0.5093
Epoch 47, Loss: 0.0122
Epoch 48, Loss: 0.2339
Epoch 49, Loss: 0.5056
社区的时间割 TC(S): 0.0000
社区的时间密度 TD(S): 0.0000
社区节点数: 0, 邻居节点数: 8, 社区节点占比: 0.00%
Epoch 50, Loss: 0.0695
Epoch 1, Loss: 0.0082
Epoch 2, Loss: 0.1733
Epoch 3, Loss: 0.3582
Epoch 4, Loss: 0.0083
Epoch 5, Loss: 0.0082
Epoch 6, Loss: 0.5072
Epoch 7, Loss: 0.2588
Epoch 8, Loss: 0.3582
Epoch 9, Loss: 0.3363
Epoch 10, Loss: 0.0036
Epoch 11, Loss: 0.1733
Epoch 12, Loss: 0.0082
Epoch 13, Loss: 0.2517
Epoch 14, Loss: 0.3451
Epoch 15, Loss: 0.0128
Epoch 16, Loss: 0.5120
Epoch 17, Loss: 0.0128
Epoch 18, Loss: 0.0042
Epoch 19, Loss: 0.3025
Epoch 20, Loss: 0.3025
Epoch 21, Loss: 0.0102
Epoch 22, Loss: 0.0120
Epoch 23, Loss: 0.5081
Epoch 24, Loss: 0.2016
Epoch 25, Loss: 0.2517
Epoch 26, Loss: 0.0042
Epoch 27, Loss: 0.2517
Epoch 28, Loss: 0.0082
Epoch 29, Loss: 0.1733
Epoch 30, Loss: 0.2588
Epoch 31, Loss: 0.0082
Epoch 32, Loss: 0.0042
Epoch 33, Loss: 0.3582
Epoch 34, Loss: 0.2525
Epoch 35, Loss: 0.2598
Epoch 36, Loss: 0.0082
Epoch 37, Loss: 0.2517
Epoch 38, Loss: 0.3582
Epoch 39, Loss: 0.2541
Epoch 40, Loss: 0.3582
Epoch 41, Loss: 0.2631
Epoch 42, Loss: 0.5036
Epoch 43, Loss: 0.0120
Epoch 44, Loss: 0.0082
Epoch 45, Loss: 0.0042
Epoch 46, Loss: 0.2601
Epoch 47, Loss: 0.0120
Epoch 48, Loss: 0.0082
Epoch 49, Loss: 0.0083
社区的时间割 TC(S): 0.8353
社区的时间密度 TD(S): 2.0000
社区节点数: 2, 邻居节点数: 2, 社区节点占比: 1.36%
Epoch 50, Loss: 0.2541
Epoch 1, Loss: 0.3035
Epoch 2, Loss: 0.2517
Epoch 3, Loss: 0.0090
Epoch 4, Loss: 0.2513
Epoch 5, Loss: 0.2099
Epoch 6, Loss: 0.2517
Epoch 7, Loss: 0.2513
Epoch 8, Loss: 0.1182
Epoch 9, Loss: 0.2517
Epoch 10, Loss: 0.5062
Epoch 11, Loss: 0.5072
Epoch 12, Loss: 0.1743
Epoch 13, Loss: 0.0069
Epoch 14, Loss: 0.1182
Epoch 15, Loss: 0.0090
Epoch 16, Loss: 0.0118
Epoch 17, Loss: 0.4253
Epoch 18, Loss: 0.0103
Epoch 19, Loss: 0.1743
Epoch 20, Loss: 0.0090
Epoch 21, Loss: 0.1863
Epoch 22, Loss: 0.2099
Epoch 23, Loss: 0.0118
Epoch 24, Loss: 0.1743
Epoch 25, Loss: 0.1743
Epoch 26, Loss: 0.4253
Epoch 27, Loss: 0.1743
Epoch 28, Loss: 0.1863
Epoch 29, Loss: 0.1743
Epoch 30, Loss: 0.2099
Epoch 31, Loss: 0.4253
Epoch 32, Loss: 0.0090
Epoch 33, Loss: 0.0038
Epoch 34, Loss: 0.0067
Epoch 35, Loss: 0.2931
Epoch 36, Loss: 0.1743
Epoch 37, Loss: 0.3035
Epoch 38, Loss: 0.0090
Epoch 39, Loss: 0.0102
Epoch 40, Loss: 0.2627
Epoch 41, Loss: 0.0054
Epoch 42, Loss: 0.3035
Epoch 43, Loss: 0.2604
Epoch 44, Loss: 0.2931
Epoch 45, Loss: 0.2931
Epoch 46, Loss: 0.0088
Epoch 47, Loss: 0.4253
Epoch 48, Loss: 0.2564
Epoch 49, Loss: 0.0118
社区的时间割 TC(S): 0.0000
社区的时间密度 TD(S): 2.0000
社区节点数: 2, 邻居节点数: 2, 社区节点占比: 1.67%
Epoch 50, Loss: 0.5115
Epoch 1, Loss: 0.0108
Epoch 2, Loss: 0.0068
Epoch 3, Loss: 0.0120
Epoch 4, Loss: 0.0046
Epoch 5, Loss: 0.0124
Epoch 6, Loss: 0.0108
Epoch 7, Loss: 0.0029
Epoch 8, Loss: 0.0029
Epoch 9, Loss: 0.0097
Epoch 10, Loss: 0.0068
Epoch 11, Loss: 0.0068
Epoch 12, Loss: 0.0083
Epoch 13, Loss: 0.0086
Epoch 14, Loss: 0.0068
Epoch 15, Loss: 0.0102
Epoch 16, Loss: 0.0124
Epoch 17, Loss: 0.0102
Epoch 18, Loss: 0.0107
Epoch 19, Loss: 0.0086
Epoch 20, Loss: 0.0102
Epoch 21, Loss: 0.0124
Epoch 22, Loss: 0.0086
Epoch 23, Loss: 0.0068
Epoch 24, Loss: 0.0068
Epoch 25, Loss: 0.0128
Epoch 26, Loss: 0.0029
Epoch 27, Loss: 0.0029
Epoch 28, Loss: 0.0029
Epoch 29, Loss: 0.0083
Epoch 30, Loss: 0.0108
Epoch 31, Loss: 0.0128
Epoch 32, Loss: 0.0090
Epoch 33, Loss: 0.0083
Epoch 34, Loss: 0.0124
Epoch 35, Loss: 0.0120
Epoch 36, Loss: 0.0124
Epoch 37, Loss: 0.0128
Epoch 38, Loss: 0.0124
Epoch 39, Loss: 0.0068
Epoch 40, Loss: 0.0120
Epoch 41, Loss: 0.0068
Epoch 42, Loss: 0.0086
Epoch 43, Loss: 0.0133
Epoch 44, Loss: 0.0068
Epoch 45, Loss: 0.0124
Epoch 46, Loss: 0.0128
Epoch 47, Loss: 0.0083
Epoch 48, Loss: 0.0086
Epoch 49, Loss: 0.0068
社区的时间割 TC(S): 0.0000
社区的时间密度 TD(S): 0.0000
社区节点数: 0, 邻居节点数: 28, 社区节点占比: 0.00%
Epoch 50, Loss: 0.0029
Epoch 1, Loss: 0.0123
Epoch 2, Loss: 0.0084
Epoch 3, Loss: 0.0084
Epoch 4, Loss: 0.0135
Epoch 5, Loss: 0.0114
Epoch 6, Loss: 0.0115
Epoch 7, Loss: 0.0123
Epoch 8, Loss: 0.0084
Epoch 9, Loss: 0.0114
Epoch 10, Loss: 0.0012
Epoch 11, Loss: 0.0012
Epoch 12, Loss: 0.0091
Epoch 13, Loss: 0.0079
Epoch 14, Loss: 0.0012
Epoch 15, Loss: 0.0087
Epoch 16, Loss: 0.0087
Epoch 17, Loss: 0.0087
Epoch 18, Loss: 0.0084
Epoch 19, Loss: 0.0170
Epoch 20, Loss: 0.0123
Epoch 21, Loss: 0.0087
Epoch 22, Loss: 0.0087
Epoch 23, Loss: 0.0148
Epoch 24, Loss: 0.0148
Epoch 25, Loss: 0.0123
Epoch 26, Loss: 0.0084
Epoch 27, Loss: 0.0123
Epoch 28, Loss: 0.0148
Epoch 29, Loss: 0.0084
Epoch 30, Loss: 0.0012
Epoch 31, Loss: 0.0013
Epoch 32, Loss: 0.0115
Epoch 33, Loss: 0.0091
Epoch 34, Loss: 0.0091
Epoch 35, Loss: 0.0084
Epoch 36, Loss: 0.0115
Epoch 37, Loss: 0.0114
Epoch 38, Loss: 0.0123
Epoch 39, Loss: 0.0115
Epoch 40, Loss: 0.0123
Epoch 41, Loss: 0.0133
Epoch 42, Loss: 0.0114
Epoch 43, Loss: 0.0097
Epoch 44, Loss: 0.0115
Epoch 45, Loss: 0.0097
Epoch 46, Loss: 0.0079
Epoch 47, Loss: 0.0091
Epoch 48, Loss: 0.0097
Epoch 49, Loss: 0.0084
社区的时间割 TC(S): 0.0000
社区的时间密度 TD(S): 0.0000
社区节点数: 0, 邻居节点数: 8, 社区节点占比: 0.00%
Epoch 50, Loss: 0.0079
Epoch 1, Loss: 0.0051
Epoch 2, Loss: 0.0089
Epoch 3, Loss: 0.0020
Epoch 4, Loss: 0.0050
Epoch 5, Loss: 0.0051
Epoch 6, Loss: 0.0050
Epoch 7, Loss: 0.0051
Epoch 8, Loss: 0.0050
Epoch 9, Loss: 0.0074
Epoch 10, Loss: 0.0101
Epoch 11, Loss: 0.0020
Epoch 12, Loss: 0.0093
Epoch 13, Loss: 0.0020
Epoch 14, Loss: 0.0020
Epoch 15, Loss: 0.0050
Epoch 16, Loss: 0.0020
Epoch 17, Loss: 0.0074
Epoch 18, Loss: 0.0050
Epoch 19, Loss: 0.0101
Epoch 20, Loss: 0.0093
Epoch 21, Loss: 0.0089
Epoch 22, Loss: 0.0120
Epoch 23, Loss: 0.0101
Epoch 24, Loss: 0.0020
Epoch 25, Loss: 0.0051
Epoch 26, Loss: 0.0050
Epoch 27, Loss: 0.0020
Epoch 28, Loss: 0.0101
Epoch 29, Loss: 0.0074
Epoch 30, Loss: 0.0020
Epoch 31, Loss: 0.0020
Epoch 32, Loss: 0.0020
Epoch 33, Loss: 0.0020
Epoch 34, Loss: 0.0120
Epoch 35, Loss: 0.0050
Epoch 36, Loss: 0.0050
Epoch 37, Loss: 0.0050
Epoch 38, Loss: 0.0101
Epoch 39, Loss: 0.0051
Epoch 40, Loss: 0.0050
Epoch 41, Loss: 0.0051
Epoch 42, Loss: 0.0051
Epoch 43, Loss: 0.0020
Epoch 44, Loss: 0.0089
Epoch 45, Loss: 0.0020
Epoch 46, Loss: 0.0089
Epoch 47, Loss: 0.0101
Epoch 48, Loss: 0.0050
Epoch 49, Loss: 0.0101
社区的时间割 TC(S): 0.0000
社区的时间密度 TD(S): 0.0000
社区节点数: 0, 邻居节点数: 3, 社区节点占比: 0.00%
Epoch 50, Loss: 0.0093
edge_index shape: torch.Size([2, 1013100])
edge_attr shape: torch.Size([1013100, 1])
successfully read test graph
Traceback (most recent call last):
  File "/home/asc23/lcy/gnn/TCS/main.py", line 151, in <module>
    z = model(subgraph.x, subgraph.edge_index, subgraph.timestamp.squeeze(), subgraph.timestamp.squeeze() - subgraph.start_time, subgraph.unique_edges, subgraph.timestamp_lists)
  File "/home/asc23/anaconda3/envs/gnnpytorch/lib/python3.10/site-packages/torch/nn/modules/module.py", line 1553, in _wrapped_call_impl
    return self._call_impl(*args, **kwargs)
  File "/home/asc23/anaconda3/envs/gnnpytorch/lib/python3.10/site-packages/torch/nn/modules/module.py", line 1562, in _call_impl
    return forward_call(*args, **kwargs)
  File "/home/asc23/lcy/gnn/TCS/model.py", line 19, in forward
    temporal_features = self.temporal_encoder(timestamp_lists)
  File "/home/asc23/anaconda3/envs/gnnpytorch/lib/python3.10/site-packages/torch/nn/modules/module.py", line 1553, in _wrapped_call_impl
    return self._call_impl(*args, **kwargs)
  File "/home/asc23/anaconda3/envs/gnnpytorch/lib/python3.10/site-packages/torch/nn/modules/module.py", line 1562, in _call_impl
    return forward_call(*args, **kwargs)
  File "/home/asc23/lcy/gnn/TCS/layer.py", line 21, in forward
    linear_term = self.omega[0] * t + self.phi[0]  # [num_edges, max_len, 1]
RuntimeError: Expected all tensors to be on the same device, but found at least two devices, cuda:0 and cpu!
